
-----
Test: tests/test_buy.py::test_buy_product (call)
Start time: 2025-06-30 20:10:13.764775
Start name method: find_light_page

End time: 2025-06-30 20:10:17.455919
End name method: find_light_page
URL: https://www.minimaks.ru/catalog/svetotekhnika/

-----

-----
Test: tests/test_buy.py::test_buy_product (call)
Start time: 2025-06-30 20:10:17.455919
Start name method: light_page_choose_type_of_lamps

End time: 2025-06-30 20:10:19.125930
End name method: light_page_choose_type_of_lamps
URL: https://www.minimaks.ru/catalog/cvetodiodnye-lampy/

-----

-----
Test: tests/test_buy.py::test_buy_product (call)
Start time: 2025-06-30 20:10:19.126927
Start name method: choose_lamp_for_buy

