
-----
Test: test_buy.py::test_buy_product (call)
Start time: 2025-07-02 22:54:38.106340
Start name method: find_light_page

End time: 2025-07-02 22:54:42.181737
End name method: find_light_page
URL: https://www.minimaks.ru/catalog/svetotekhnika/

-----

-----
Test: test_buy.py::test_buy_product (call)
Start time: 2025-07-02 22:54:42.182736
Start name method: light_page_choose_type_of_lamps

End time: 2025-07-02 22:54:44.198528
End name method: light_page_choose_type_of_lamps
URL: https://www.minimaks.ru/catalog/cvetodiodnye-lampy/

-----

-----
Test: test_buy.py::test_buy_product (call)
Start time: 2025-07-02 22:54:44.199526
Start name method: choose_lamp_for_buy

End time: 2025-07-02 22:54:56.492132
End name method: choose_lamp_for_buy
URL: https://www.minimaks.ru/catalog/cvetodiodnye-lampy/?available=y

-----
