
-----
Test: test_buy.py::test_buy_product (call)
Start time: 2025-06-30 21:04:16.602542
Start name method: find_light_page

End time: 2025-06-30 21:04:20.538062
End name method: find_light_page
URL: https://www.minimaks.ru/catalog/svetotekhnika/

-----

-----
Test: test_buy.py::test_buy_product (call)
Start time: 2025-06-30 21:04:20.538062
Start name method: light_page_choose_type_of_lamps

End time: 2025-06-30 21:04:21.530612
End name method: light_page_choose_type_of_lamps
URL: https://www.minimaks.ru/catalog/cvetodiodnye-lampy/

-----

-----
Test: test_buy.py::test_buy_product (call)
Start time: 2025-06-30 21:04:21.531610
Start name method: choose_lamp_for_buy

End time: 2025-06-30 21:04:23.140305
End name method: choose_lamp_for_buy
URL: https://www.minimaks.ru/catalog/cvetodiodnye-lampy/?available=y

-----
