
-----
Test: test_buy.py::test_buy_product (call)
Start time: 2025-06-30 20:57:21.077092
Start name method: find_light_page

End time: 2025-06-30 20:57:24.696681
End name method: find_light_page
URL: https://www.minimaks.ru/catalog/svetotekhnika/

-----

-----
Test: test_buy.py::test_buy_product (call)
Start time: 2025-06-30 20:57:24.697677
Start name method: light_page_choose_type_of_lamps

End time: 2025-06-30 20:57:25.767657
End name method: light_page_choose_type_of_lamps
URL: https://www.minimaks.ru/catalog/cvetodiodnye-lampy/

-----

-----
Test: test_buy.py::test_buy_product (call)
Start time: 2025-06-30 20:57:25.767657
Start name method: choose_lamp_for_buy

