
-----
Test: test_buy.py::test_buy_product (call)
Start time: 2025-07-02 22:57:23.361769
Start name method: find_light_page

End time: 2025-07-02 22:57:27.648545
End name method: find_light_page
URL: https://www.minimaks.ru/catalog/svetotekhnika/

-----

-----
Test: test_buy.py::test_buy_product (call)
Start time: 2025-07-02 22:57:27.648545
Start name method: light_page_choose_type_of_lamps

End time: 2025-07-02 22:57:29.680872
End name method: light_page_choose_type_of_lamps
URL: https://www.minimaks.ru/catalog/cvetodiodnye-lampy/

-----

-----
Test: test_buy.py::test_buy_product (call)
Start time: 2025-07-02 22:57:29.680872
Start name method: choose_lamp_for_buy

End time: 2025-07-02 22:57:40.077822
End name method: choose_lamp_for_buy
URL: https://www.minimaks.ru/catalog/cvetodiodnye-lampy/?available=y

-----
