
-----
Test: test_buy.py::test_buy_product (call)
Start time: 2025-06-30 20:22:23.169095
Start name method: find_light_page

End time: 2025-06-30 20:22:26.788893
End name method: find_light_page
URL: https://www.minimaks.ru/catalog/svetotekhnika/

-----

-----
Test: test_buy.py::test_buy_product (call)
Start time: 2025-06-30 20:22:26.788893
Start name method: light_page_choose_type_of_lamps

End time: 2025-06-30 20:22:27.877288
End name method: light_page_choose_type_of_lamps
URL: https://www.minimaks.ru/catalog/cvetodiodnye-lampy/

-----

-----
Test: test_buy.py::test_buy_product (call)
Start time: 2025-06-30 20:22:27.878288
Start name method: choose_lamp_for_buy

