
-----
Test: test_buy.py::test_buy_product (call)
Start time: 2025-07-02 22:29:19.553218
Start name method: find_light_page

End time: 2025-07-02 22:29:23.903025
End name method: find_light_page
URL: https://www.minimaks.ru/catalog/svetotekhnika/

-----

-----
Test: test_buy.py::test_buy_product (call)
Start time: 2025-07-02 22:29:23.903025
Start name method: light_page_choose_type_of_lamps

End time: 2025-07-02 22:29:25.933818
End name method: light_page_choose_type_of_lamps
URL: https://www.minimaks.ru/catalog/cvetodiodnye-lampy/

-----

-----
Test: test_buy.py::test_buy_product (call)
Start time: 2025-07-02 22:29:25.933818
Start name method: choose_lamp_for_buy

