
-----
Test: test_buy.py::test_buy_product (call)
Start time: 2025-07-02 23:01:41.500073
Start name method: find_light_page

End time: 2025-07-02 23:01:46.107244
End name method: find_light_page
URL: https://www.minimaks.ru/catalog/svetotekhnika/

-----

-----
Test: test_buy.py::test_buy_product (call)
Start time: 2025-07-02 23:01:46.108241
Start name method: light_page_choose_type_of_lamps

End time: 2025-07-02 23:01:48.165858
End name method: light_page_choose_type_of_lamps
URL: https://www.minimaks.ru/catalog/cvetodiodnye-lampy/

-----

-----
Test: test_buy.py::test_buy_product (call)
Start time: 2025-07-02 23:01:48.165858
Start name method: choose_lamp_for_buy

End time: 2025-07-02 23:01:58.608072
End name method: choose_lamp_for_buy
URL: https://www.minimaks.ru/catalog/cvetodiodnye-lampy/?available=y

-----
