
-----
Test: test_buy.py::test_buy_product (call)
Start time: 2025-06-30 20:56:19.068211
Start name method: find_light_page

End time: 2025-06-30 20:56:22.730089
End name method: find_light_page
URL: https://www.minimaks.ru/catalog/svetotekhnika/

-----

-----
Test: test_buy.py::test_buy_product (call)
Start time: 2025-06-30 20:56:22.730089
Start name method: light_page_choose_type_of_lamps

End time: 2025-06-30 20:56:23.941310
End name method: light_page_choose_type_of_lamps
URL: https://www.minimaks.ru/catalog/cvetodiodnye-lampy/

-----

-----
Test: test_buy.py::test_buy_product (call)
Start time: 2025-06-30 20:56:23.941310
Start name method: choose_lamp_for_buy

