
-----
Test: test_buy.py::test_buy_product (call)
Start time: 2025-07-02 22:58:41.164461
Start name method: find_light_page

End time: 2025-07-02 22:58:45.827887
End name method: find_light_page
URL: https://www.minimaks.ru/catalog/svetotekhnika/

-----

-----
Test: test_buy.py::test_buy_product (call)
Start time: 2025-07-02 22:58:45.828884
Start name method: light_page_choose_type_of_lamps

End time: 2025-07-02 22:58:47.832889
End name method: light_page_choose_type_of_lamps
URL: https://www.minimaks.ru/catalog/cvetodiodnye-lampy/

-----

-----
Test: test_buy.py::test_buy_product (call)
Start time: 2025-07-02 22:58:47.833887
Start name method: choose_lamp_for_buy

End time: 2025-07-02 22:59:03.696006
End name method: choose_lamp_for_buy
URL: https://www.minimaks.ru/catalog/cvetodiodnye-lampy/?available=y

-----
