
-----
Test: test_buy.py::test_buy_product (call)
Start time: 2025-07-02 22:55:58.856689
Start name method: find_light_page

End time: 2025-07-02 22:56:05.573697
End name method: find_light_page
URL: https://www.minimaks.ru/catalog/svetotekhnika/

-----

-----
Test: test_buy.py::test_buy_product (call)
Start time: 2025-07-02 22:56:05.573697
Start name method: light_page_choose_type_of_lamps

End time: 2025-07-02 22:56:07.604540
End name method: light_page_choose_type_of_lamps
URL: https://www.minimaks.ru/catalog/cvetodiodnye-lampy/

-----

-----
Test: test_buy.py::test_buy_product (call)
Start time: 2025-07-02 22:56:07.605537
Start name method: choose_lamp_for_buy

End time: 2025-07-02 22:56:20.276853
End name method: choose_lamp_for_buy
URL: https://www.minimaks.ru/catalog/cvetodiodnye-lampy/?available=y

-----
