
-----
Test: test_buy.py::test_buy_product (call)
Start time: 2025-07-02 22:32:21.744548
Start name method: find_light_page

End time: 2025-07-02 22:32:26.076854
End name method: find_light_page
URL: https://www.minimaks.ru/catalog/svetotekhnika/

-----

-----
Test: test_buy.py::test_buy_product (call)
Start time: 2025-07-02 22:32:26.077852
Start name method: light_page_choose_type_of_lamps

End time: 2025-07-02 22:32:28.159660
End name method: light_page_choose_type_of_lamps
URL: https://www.minimaks.ru/catalog/cvetodiodnye-lampy/

-----

-----
Test: test_buy.py::test_buy_product (call)
Start time: 2025-07-02 22:32:28.159660
Start name method: choose_lamp_for_buy

